PRM392/app/build/intermediates/manifest_merge_blame_file/debug/processDebugMainManifest/manifest-merger-blame-debug-report.txt
1<?xml version="1.0" encoding="utf-8"?>
2<manifest xmlns:android="http://schemas.android.com/apk/res/android"
3    package="com.example.workforcemanagement"
4    android:versionCode="1"
5    android:versionName="1.0" >
6
7    <uses-sdk
8        android:minSdkVersion="29"
9        android:targetSdkVersion="35" />
10
11    <uses-permission android:name="android.permission.INTERNET" />
11-->src\main\AndroidManifest.xml:5:5-67
11-->src\main\AndroidManifest.xml:5:22-64
12    <uses-permission android:name="android.permission.ACCESS_NETWORK_STATE" />
12-->src\main\AndroidManifest.xml:6:5-79
12-->src\main\AndroidManifest.xml:6:22-76
13
14    <permission
14-->[androidx.core:core:1.13.1] AndroidManifest.xml:22:5-24:47
15        android:name="com.example.workforcemanagement.DYNAMIC_RECEIVER_NOT_EXPORTED_PERMISSION"
15-->[androidx.core:core:1.13.1] AndroidManifest.xml:23:9-81
16        android:protectionLevel="signature" />
16-->[androidx.core:core:1.13.1] AndroidManifest.xml:24:9-44
17
18    <uses-permission android:name="com.example.workforcemanagement.DYNAMIC_RECEIVER_NOT_EXPORTED_PERMISSION" />
18-->[androidx.core:core:1.13.1] AndroidManifest.xml:26:5-97
18-->[androidx.core:core:1.13.1] AndroidManifest.xml:26:22-94
19
20    <application
20-->src\main\AndroidManifest.xml:8:5-87:19
21        android:allowBackup="true"
21-->src\main\AndroidManifest.xml:9:9-35
22        android:appComponentFactory="androidx.core.app.CoreComponentFactory"
22-->[androidx.core:core:1.13.1] AndroidManifest.xml:28:18-86
23        android:debuggable="true"
24        android:extractNativeLibs="false"
25        android:icon="@mipmap/ic_launcher"
25-->src\main\AndroidManifest.xml:10:9-43
26        android:label="@string/app_name"
26-->src\main\AndroidManifest.xml:11:9-41
27        android:networkSecurityConfig="@xml/network_security_config"
27-->src\main\AndroidManifest.xml:12:9-69
28        android:roundIcon="@mipmap/ic_launcher_round"
28-->src\main\AndroidManifest.xml:13:9-54
29        android:supportsRtl="true"
29-->src\main\AndroidManifest.xml:14:9-35
30        android:testOnly="true"
31        android:theme="@style/Theme.WorkforceManagement"
31-->src\main\AndroidManifest.xml:15:9-57
32        android:usesCleartextTraffic="true" >
32-->src\main\AndroidManifest.xml:16:9-44
33        <activity
33-->src\main\AndroidManifest.xml:18:9-20:40
34            android:name="com.example.workforcemanagement.ui.profile.AdminEditProfile"
34-->src\main\AndroidManifest.xml:19:13-56
35            android:exported="false" />
35-->src\main\AndroidManifest.xml:20:13-37
36        <activity
36-->src\main\AndroidManifest.xml:21:9-23:40
37            android:name="com.example.workforcemanagement.ui.profile.EmployeeEditProfile"
37-->src\main\AndroidManifest.xml:22:13-59
38            android:exported="false" />
38-->src\main\AndroidManifest.xml:23:13-37
39        <activity
39-->src\main\AndroidManifest.xml:24:9-26:40
40            android:name="com.example.workforcemanagement.ui.admin.TaskManagementActivity"
40-->src\main\AndroidManifest.xml:25:13-60
41            android:exported="false" />
41-->src\main\AndroidManifest.xml:26:13-37
42        <activity
42-->src\main\AndroidManifest.xml:27:9-29:40
43            android:name="com.example.workforcemanagement.ui.admin.DepartmentManagementActivity"
43-->src\main\AndroidManifest.xml:28:13-66
44            android:exported="false" />
44-->src\main\AndroidManifest.xml:29:13-37
45        <activity
45-->src\main\AndroidManifest.xml:30:9-32:40
46            android:name="com.example.workforcemanagement.ui.admin.UserManagementActivity"
46-->src\main\AndroidManifest.xml:31:13-60
47            android:exported="false" /> <!-- New dashboard activities -->
47-->src\main\AndroidManifest.xml:32:13-37
48        <activity
48-->src\main\AndroidManifest.xml:33:9-35:40
49            android:name="com.example.workforcemanagement.ui.main.AdminDashboardActivity"
49-->src\main\AndroidManifest.xml:34:13-59
50            android:exported="false" />
50-->src\main\AndroidManifest.xml:35:13-37
51        <activity
51-->src\main\AndroidManifest.xml:36:9-38:40
52            android:name="com.example.workforcemanagement.ui.main.HRDashboardActivity"
52-->src\main\AndroidManifest.xml:37:13-56
53            android:exported="false" />
53-->src\main\AndroidManifest.xml:38:13-37
54        <activity
54-->src\main\AndroidManifest.xml:39:9-41:40
55            android:name="com.example.workforcemanagement.ui.main.ManagerDashboardActivity"
55-->src\main\AndroidManifest.xml:40:13-61
56            android:exported="false" />
56-->src\main\AndroidManifest.xml:41:13-37
57        <activity
57-->src\main\AndroidManifest.xml:42:9-44:40
58            android:name="com.example.workforcemanagement.ui.main.EmployeeDashboardActivity"
58-->src\main\AndroidManifest.xml:43:13-62
59            android:exported="false" />
59-->src\main\AndroidManifest.xml:44:13-37
60        <activity
60-->src\main\AndroidManifest.xml:45:9-47:40
61            android:name="com.example.workforcemanagement.ui.profile.UserProfileActivity"
61-->src\main\AndroidManifest.xml:46:13-59
62            android:exported="false" />
62-->src\main\AndroidManifest.xml:47:13-37
63        <activity
63-->src\main\AndroidManifest.xml:48:9-50:40
64            android:name="com.example.workforcemanagement.ui.profile.AdminProfileActivity"
64-->src\main\AndroidManifest.xml:49:13-60
65            android:exported="false" />
65-->src\main\AndroidManifest.xml:50:13-37
66        <activity
66-->src\main\AndroidManifest.xml:51:9-53:40
67            android:name="com.example.workforcemanagement.ui.task.AddTaskActivity"
67-->src\main\AndroidManifest.xml:52:13-52
68            android:exported="false" />
68-->src\main\AndroidManifest.xml:53:13-37
69        <activity
69-->src\main\AndroidManifest.xml:54:9-56:40
70            android:name="com.example.workforcemanagement.ui.task.EditTaskActivity"
70-->src\main\AndroidManifest.xml:55:13-53
71            android:exported="false" />
71-->src\main\AndroidManifest.xml:56:13-37
72        <activity
72-->src\main\AndroidManifest.xml:57:9-59:40
73            android:name="com.example.workforcemanagement.ui.main.MainActivity"
73-->src\main\AndroidManifest.xml:58:13-49
74            android:exported="false" />
74-->src\main\AndroidManifest.xml:59:13-37
75        <activity
75-->src\main\AndroidManifest.xml:60:9-62:40
76            android:name="com.example.workforcemanagement.ui.forgotpassword.ForgotPasswordActivity"
76-->src\main\AndroidManifest.xml:61:13-69
77            android:exported="false" />
77-->src\main\AndroidManifest.xml:62:13-37
78        <activity
78-->src\main\AndroidManifest.xml:63:9-65:40
79            android:name="com.example.workforcemanagement.ui.forgotpassword.ResetPasswordActivity"
79-->src\main\AndroidManifest.xml:64:13-68
80            android:exported="false" />
80-->src\main\AndroidManifest.xml:65:13-37
81        <activity
81-->src\main\AndroidManifest.xml:66:9-68:40
82            android:name="com.example.workforcemanagement.ui.attendance.AttendanceCheckInActivity"
82-->src\main\AndroidManifest.xml:67:13-68
83            android:exported="false" />
83-->src\main\AndroidManifest.xml:68:13-37
84        <activity
84-->src\main\AndroidManifest.xml:69:9-71:40
85            android:name="com.example.workforcemanagement.ui.attendance.EmployeeActivity"
85-->src\main\AndroidManifest.xml:70:13-59
86            android:exported="false" />
86-->src\main\AndroidManifest.xml:71:13-37
87        <activity
87-->src\main\AndroidManifest.xml:72:9-74:40
88            android:name="com.example.workforcemanagement.ui.attendanceList.AttendanceActivity"
88-->src\main\AndroidManifest.xml:73:13-65
89            android:exported="false" />
89-->src\main\AndroidManifest.xml:74:13-37
90        <activity
90-->src\main\AndroidManifest.xml:75:9-77:40
91            android:name="com.example.workforcemanagement.ui.Shedule.ScheduleActivity"
91-->src\main\AndroidManifest.xml:76:13-56
92            android:exported="false" />
92-->src\main\AndroidManifest.xml:77:13-37
93        <activity
93-->src\main\AndroidManifest.xml:78:9-86:20
94            android:name="com.example.workforcemanagement.ui.login.LoginActivity"
94-->src\main\AndroidManifest.xml:79:13-51
95            android:exported="true" >
95-->src\main\AndroidManifest.xml:80:13-36
96            <intent-filter>
96-->src\main\AndroidManifest.xml:81:13-85:29
97                <action android:name="android.intent.action.MAIN" />
97-->src\main\AndroidManifest.xml:82:17-69
97-->src\main\AndroidManifest.xml:82:25-66
98
99                <category android:name="android.intent.category.LAUNCHER" />
99-->src\main\AndroidManifest.xml:84:17-77
99-->src\main\AndroidManifest.xml:84:27-74
100            </intent-filter>
101        </activity>
102        <activity
102-->[com.google.android.gms:play-services-auth:21.3.0] AndroidManifest.xml:23:9-27:75
103            android:name="com.google.android.gms.auth.api.signin.internal.SignInHubActivity"
103-->[com.google.android.gms:play-services-auth:21.3.0] AndroidManifest.xml:24:13-93
104            android:excludeFromRecents="true"
104-->[com.google.android.gms:play-services-auth:21.3.0] AndroidManifest.xml:25:13-46
105            android:exported="false"
105-->[com.google.android.gms:play-services-auth:21.3.0] AndroidManifest.xml:26:13-37
106            android:theme="@android:style/Theme.Translucent.NoTitleBar" />
106-->[com.google.android.gms:play-services-auth:21.3.0] AndroidManifest.xml:27:13-72
107        <!--
108            Service handling Google Sign-In user revocation. For apps that do not integrate with
109            Google Sign-In, this service will never be started.
110        -->
111        <service
111-->[com.google.android.gms:play-services-auth:21.3.0] AndroidManifest.xml:33:9-37:51
112            android:name="com.google.android.gms.auth.api.signin.RevocationBoundService"
112-->[com.google.android.gms:play-services-auth:21.3.0] AndroidManifest.xml:34:13-89
113            android:exported="true"
113-->[com.google.android.gms:play-services-auth:21.3.0] AndroidManifest.xml:35:13-36
114            android:permission="com.google.android.gms.auth.api.signin.permission.REVOCATION_NOTIFICATION"
114-->[com.google.android.gms:play-services-auth:21.3.0] AndroidManifest.xml:36:13-107
115            android:visibleToInstantApps="true" />
115-->[com.google.android.gms:play-services-auth:21.3.0] AndroidManifest.xml:37:13-48
116
117        <activity
117-->[com.google.android.gms:play-services-base:18.5.0] AndroidManifest.xml:5:9-173
118            android:name="com.google.android.gms.common.api.GoogleApiActivity"
118-->[com.google.android.gms:play-services-base:18.5.0] AndroidManifest.xml:5:19-85
119            android:exported="false"
119-->[com.google.android.gms:play-services-base:18.5.0] AndroidManifest.xml:5:146-170
120            android:theme="@android:style/Theme.Translucent.NoTitleBar" />
120-->[com.google.android.gms:play-services-base:18.5.0] AndroidManifest.xml:5:86-145
121
122        <meta-data
122-->[com.google.android.gms:play-services-basement:18.4.0] AndroidManifest.xml:6:9-122
123            android:name="com.google.android.gms.version"
123-->[com.google.android.gms:play-services-basement:18.4.0] AndroidManifest.xml:6:20-65
124            android:value="@integer/google_play_services_version" />
124-->[com.google.android.gms:play-services-basement:18.4.0] AndroidManifest.xml:6:66-119
125
126        <provider
126-->[androidx.emoji2:emoji2:1.3.0] AndroidManifest.xml:24:9-32:20
127            android:name="androidx.startup.InitializationProvider"
127-->[androidx.emoji2:emoji2:1.3.0] AndroidManifest.xml:25:13-67
128            android:authorities="com.example.workforcemanagement.androidx-startup"
128-->[androidx.emoji2:emoji2:1.3.0] AndroidManifest.xml:26:13-68
129            android:exported="false" >
129-->[androidx.emoji2:emoji2:1.3.0] AndroidManifest.xml:27:13-37
130            <meta-data
130-->[androidx.emoji2:emoji2:1.3.0] AndroidManifest.xml:29:13-31:52
131                android:name="androidx.emoji2.text.EmojiCompatInitializer"
131-->[androidx.emoji2:emoji2:1.3.0] AndroidManifest.xml:30:17-75
132                android:value="androidx.startup" />
132-->[androidx.emoji2:emoji2:1.3.0] AndroidManifest.xml:31:17-49
133            <meta-data
133-->[androidx.lifecycle:lifecycle-process:2.9.0] AndroidManifest.xml:29:13-31:52
134                android:name="androidx.lifecycle.ProcessLifecycleInitializer"
134-->[androidx.lifecycle:lifecycle-process:2.9.0] AndroidManifest.xml:30:17-78
135                android:value="androidx.startup" />
135-->[androidx.lifecycle:lifecycle-process:2.9.0] AndroidManifest.xml:31:17-49
136            <meta-data
136-->[androidx.profileinstaller:profileinstaller:1.4.0] AndroidManifest.xml:29:13-31:52
137                android:name="androidx.profileinstaller.ProfileInstallerInitializer"
137-->[androidx.profileinstaller:profileinstaller:1.4.0] AndroidManifest.xml:30:17-85
138                android:value="androidx.startup" />
138-->[androidx.profileinstaller:profileinstaller:1.4.0] AndroidManifest.xml:31:17-49
139        </provider>
140
141        <uses-library
141-->[androidx.window:window:1.0.0] AndroidManifest.xml:25:9-27:40
142            android:name="androidx.window.extensions"
142-->[androidx.window:window:1.0.0] AndroidManifest.xml:26:13-54
143            android:required="false" />
143-->[androidx.window:window:1.0.0] AndroidManifest.xml:27:13-37
144        <uses-library
144-->[androidx.window:window:1.0.0] AndroidManifest.xml:28:9-30:40
145            android:name="androidx.window.sidecar"
145-->[androidx.window:window:1.0.0] AndroidManifest.xml:29:13-51
146            android:required="false" />
146-->[androidx.window:window:1.0.0] AndroidManifest.xml:30:13-37
147
148        <receiver
148-->[androidx.profileinstaller:profileinstaller:1.4.0] AndroidManifest.xml:34:9-52:20
149            android:name="androidx.profileinstaller.ProfileInstallReceiver"
149-->[androidx.profileinstaller:profileinstaller:1.4.0] AndroidManifest.xml:35:13-76
150            android:directBootAware="false"
150-->[androidx.profileinstaller:profileinstaller:1.4.0] AndroidManifest.xml:36:13-44
151            android:enabled="true"
151-->[androidx.profileinstaller:profileinstaller:1.4.0] AndroidManifest.xml:37:13-35
152            android:exported="true"
152-->[androidx.profileinstaller:profileinstaller:1.4.0] AndroidManifest.xml:38:13-36
153            android:permission="android.permission.DUMP" >
153-->[androidx.profileinstaller:profileinstaller:1.4.0] AndroidManifest.xml:39:13-57
154            <intent-filter>
154-->[androidx.profileinstaller:profileinstaller:1.4.0] AndroidManifest.xml:40:13-42:29
155                <action android:name="androidx.profileinstaller.action.INSTALL_PROFILE" />
155-->[androidx.profileinstaller:profileinstaller:1.4.0] AndroidManifest.xml:41:17-91
155-->[androidx.profileinstaller:profileinstaller:1.4.0] AndroidManifest.xml:41:25-88
156            </intent-filter>
157            <intent-filter>
157-->[androidx.profileinstaller:profileinstaller:1.4.0] AndroidManifest.xml:43:13-45:29
158                <action android:name="androidx.profileinstaller.action.SKIP_FILE" />
158-->[androidx.profileinstaller:profileinstaller:1.4.0] AndroidManifest.xml:44:17-85
158-->[androidx.profileinstaller:profileinstaller:1.4.0] AndroidManifest.xml:44:25-82
159            </intent-filter>
160            <intent-filter>
160-->[androidx.profileinstaller:profileinstaller:1.4.0] AndroidManifest.xml:46:13-48:29
161                <action android:name="androidx.profileinstaller.action.SAVE_PROFILE" />
161-->[androidx.profileinstaller:profileinstaller:1.4.0] AndroidManifest.xml:47:17-88
161-->[androidx.profileinstaller:profileinstaller:1.4.0] AndroidManifest.xml:47:25-85
162            </intent-filter>
163            <intent-filter>
163-->[androidx.profileinstaller:profileinstaller:1.4.0] AndroidManifest.xml:49:13-51:29
164                <action android:name="androidx.profileinstaller.action.BENCHMARK_OPERATION" />
164-->[androidx.profileinstaller:profileinstaller:1.4.0] AndroidManifest.xml:50:17-95
164-->[androidx.profileinstaller:profileinstaller:1.4.0] AndroidManifest.xml:50:25-92
165            </intent-filter>
166        </receiver>
167    </application>
168
169</manifest>